Running: C:\Xilinx\14.7\ISE_DS\ISE\bin\nt64\unwrapped\fuse.exe -intstyle ise -incremental -lib unisims_ver -lib unimacro_ver -lib xilinxcorelib_ver -lib secureip -o C:/Users/Justin/Downloads/GBRAINS_CPU/CPU_V1(Modules1-12)/CPU_Test_isim_beh.exe -prj C:/Users/Justin/Downloads/GBRAINS_CPU/CPU_V1(Modules1-12)/CPU_Test_beh.prj work.CPU_Test work.glbl 
ISim P.20131013 (signature 0x7708f090)
Number of CPUs detected in this system: 4
Turning on mult-threading, number of parallel sub-compilation jobs: 8 
Determining compilation order of HDL files
Analyzing Verilog file "C:/Users/Justin/Downloads/GBRAINS_CPU/CPU_V1(Modules1-12)/MPY_32.v" into library work
Analyzing Verilog file "C:/Users/Justin/Downloads/GBRAINS_CPU/CPU_V1(Modules1-12)/MIPS_32.v" into library work
Analyzing Verilog file "C:/Users/Justin/Downloads/GBRAINS_CPU/CPU_V1(Modules1-12)/DIV_32.v" into library work
Analyzing Verilog file "C:/Users/Justin/Downloads/GBRAINS_CPU/CPU_V1(Modules1-12)/REGFILE32.v" into library work
Analyzing Verilog file "C:/Users/Justin/Downloads/GBRAINS_CPU/CPU_V1(Modules1-12)/REG32.v" into library work
Analyzing Verilog file "C:/Users/Justin/Downloads/GBRAINS_CPU/CPU_V1(Modules1-12)/PROGRAM_COUNTER.v" into library work
Analyzing Verilog file "C:/Users/Justin/Downloads/GBRAINS_CPU/CPU_V1(Modules1-12)/DATA_MEMORY.v" into library work
Analyzing Verilog file "C:/Users/Justin/Downloads/GBRAINS_CPU/CPU_V1(Modules1-12)/ALU_32.v" into library work
Analyzing Verilog file "C:/Users/Justin/Downloads/GBRAINS_CPU/CPU_V1(Modules1-12)/MCU.v" into library work
Analyzing Verilog file "C:/Users/Justin/Downloads/GBRAINS_CPU/CPU_V1(Modules1-12)/INTEGER_DATAPATH.v" into library work
Analyzing Verilog file "C:/Users/Justin/Downloads/GBRAINS_CPU/CPU_V1(Modules1-12)/Instruction_Unit.v" into library work
Analyzing Verilog file "C:/Users/Justin/Downloads/GBRAINS_CPU/CPU_V1(Modules1-12)/CPU.v" into library work
Analyzing Verilog file "C:/Users/Justin/Downloads/GBRAINS_CPU/CPU_V1(Modules1-12)/CPU_Test.v" into library work
Analyzing Verilog file "C:/Xilinx/14.7/ISE_DS/ISE//verilog/src/glbl.v" into library work
Starting static elaboration
Completed static elaboration
Compiling module MCU
Compiling module PROGRAM_COUNTER
Compiling module DATA_MEMORY
Compiling module REG32
Compiling module INSTRUCTION_UNIT
Compiling module REGFILE32
Compiling module MIPS_32
Compiling module MPY_32
Compiling module DIV_32
Compiling module ALU_32
Compiling module INTEGER_DATAPATH
Compiling module CPU
Compiling module CPU_Test
Compiling module glbl
Time Resolution for simulation is 1ps.
Waiting for 7 sub-compilation(s) to finish...
Compiled 14 Verilog Units
Built simulation executable C:/Users/Justin/Downloads/GBRAINS_CPU/CPU_V1(Modules1-12)/CPU_Test_isim_beh.exe
Fuse Memory Usage: 30964 KB
Fuse CPU Usage: 592 ms
